# JRE version: OpenJDK Runtime Environment (8.0_152) (build 1.8.0_152-release-1343-b16-5323222)
# Java VM: OpenJDK 64-Bit Server VM (25.152-b16-5323222 mixed mode linux-amd64 compressed oops)
Heap:
 PSYoungGen      total 139264K, used 10237K [0x00000000e0000000, 0x00000000e9200000, 0x0000000100000000)
  eden space 129024K, 0% used [0x00000000e0000000,0x00000000e0000000,0x00000000e7e00000)
  from space 10240K, 99% used [0x00000000e7e00000,0x00000000e87ff638,0x00000000e8800000)
  to   space 10240K, 0% used [0x00000000e8800000,0x00000000e8800000,0x00000000e9200000)
 ParOldGen       total 171008K, used 867K [0x00000000a0000000, 0x00000000aa700000, 0x00000000e0000000)
  object space 171008K, 0% used [0x00000000a0000000,0x00000000a00d8d50,0x00000000aa700000)
 Metaspace       used 20578K, capacity 21052K, committed 21296K, reserved 1067008K
  class space    used 2887K, capacity 3086K, committed 3200K, reserved 1048576K
GC Heap History (5 events):
Event: 2,578 GC heap before
{Heap before GC invocations=1 (full 0):
 PSYoungGen      total 74752K, used 64512K [0x00000000e0000000, 0x00000000e5300000, 0x0000000100000000)
  eden space 64512K, 100% used [0x00000000e0000000,0x00000000e3f00000,0x00000000e3f00000)
  from space 10240K, 0% used [0x00000000e4900000,0x00000000e4900000,0x00000000e5300000)
  to   space 10240K, 0% used [0x00000000e3f00000,0x00000000e3f00000,0x00000000e4900000)
 ParOldGen       total 171008K, used 0K [0x00000000a0000000, 0x00000000aa700000, 0x00000000e0000000)
  object space 171008K, 0% used [0x00000000a0000000,0x00000000a0000000,0x00000000aa700000)
 Metaspace       used 9060K, capacity 9308K, committed 9600K, reserved 1056768K
  class space    used 1202K, capacity 1292K, committed 1408K, reserved 1048576K
Event: 2,741 GC heap after
Heap after GC invocations=1 (full 0):
 PSYoungGen      total 74752K, used 7084K [0x00000000e0000000, 0x00000000e9200000, 0x0000000100000000)
  eden space 64512K, 0% used [0x00000000e0000000,0x00000000e0000000,0x00000000e3f00000)
  from space 10240K, 69% used [0x00000000e3f00000,0x00000000e45eb268,0x00000000e4900000)
  to   space 10240K, 0% used [0x00000000e8800000,0x00000000e8800000,0x00000000e9200000)
 ParOldGen       total 171008K, used 8K [0x00000000a0000000, 0x00000000aa700000, 0x00000000e0000000)
  object space 171008K, 0% used [0x00000000a0000000,0x00000000a0002000,0x00000000aa700000)
 Metaspace       used 9060K, capacity 9308K, committed 9600K, reserved 1056768K
  class space    used 1202K, capacity 1292K, committed 1408K, reserved 1048576K
}
Event: 5,970 GC heap before
{Heap before GC invocations=2 (full 0):
 PSYoungGen      total 74752K, used 71596K [0x00000000e0000000, 0x00000000e9200000, 0x0000000100000000)
  eden space 64512K, 100% used [0x00000000e0000000,0x00000000e3f00000,0x00000000e3f00000)
  from space 10240K, 69% used [0x00000000e3f00000,0x00000000e45eb268,0x00000000e4900000)
  to   space 10240K, 0% used [0x00000000e8800000,0x00000000e8800000,0x00000000e9200000)
 ParOldGen       total 171008K, used 8K [0x00000000a0000000, 0x00000000aa700000, 0x00000000e0000000)
  object space 171008K, 0% used [0x00000000a0000000,0x00000000a0002000,0x00000000aa700000)
 Metaspace       used 15490K, capacity 15854K, committed 16000K, reserved 1062912K
  class space    used 2223K, capacity 2391K, committed 2432K, reserved 1048576K
Event: 6,031 GC heap after
Heap after GC invocations=2 (full 0):
 PSYoungGen      total 139264K, used 10209K [0x00000000e0000000, 0x00000000e9200000, 0x0000000100000000)
  eden space 129024K, 0% used [0x00000000e0000000,0x00000000e0000000,0x00000000e7e00000)
  from space 10240K, 99% used [0x00000000e8800000,0x00000000e91f8798,0x00000000e9200000)
  to   space 10240K, 0% used [0x00000000e7e00000,0x00000000e7e00000,0x00000000e8800000)
 ParOldGen       total 171008K, used 69K [0x00000000a0000000, 0x00000000aa700000, 0x00000000e0000000)
  object space 171008K, 0% used [0x00000000a0000000,0x00000000a0011608,0x00000000aa700000)
 Metaspace       used 15490K, capacity 15854K, committed 16000K, reserved 1062912K
  class space    used 2223K, capacity 2391K, committed 2432K, reserved 1048576K
}
Event: 1396,553 GC heap before
{Heap before GC invocations=3 (full 0):
 PSYoungGen      total 139264K, used 62308K [0x00000000e0000000, 0x00000000e9200000, 0x0000000100000000)
  eden space 129024K, 40% used [0x00000000e0000000,0x00000000e32e0a18,0x00000000e7e00000)
  from space 10240K, 99% used [0x00000000e8800000,0x00000000e91f8798,0x00000000e9200000)
  to   space 10240K, 0% used [0x00000000e7e00000,0x00000000e7e00000,0x00000000e8800000)
 ParOldGen       total 171008K, used 69K [0x00000000a0000000, 0x00000000aa700000, 0x00000000e0000000)
  object space 171008K, 0% used [0x00000000a0000000,0x00000000a0011608,0x00000000aa700000)
 Metaspace       used 20578K, capacity 21052K, committed 21296K, reserved 1067008K
  class space    used 2887K, capacity 3086K, committed 3200K, reserved 1048576K

