# JRE version: OpenJDK Runtime Environment (8.0_152) (build 1.8.0_152-release-1343-b16-5323222)
# Java VM: OpenJDK 64-Bit Server VM (25.152-b16-5323222 mixed mode linux-amd64 compressed oops)
Heap:
 PSYoungGen      total 139264K, used 10223K [0x00000000e0000000, 0x00000000e9200000, 0x0000000100000000)
  eden space 129024K, 0% used [0x00000000e0000000,0x00000000e0000000,0x00000000e7e00000)
  from space 10240K, 99% used [0x00000000e7e00000,0x00000000e87fbdd8,0x00000000e8800000)
  to   space 10240K, 0% used [0x00000000e8800000,0x00000000e8800000,0x00000000e9200000)
 ParOldGen       total 171008K, used 932K [0x00000000a0000000, 0x00000000aa700000, 0x00000000e0000000)
  object space 171008K, 0% used [0x00000000a0000000,0x00000000a00e9248,0x00000000aa700000)
 Metaspace       used 20584K, capacity 21052K, committed 21296K, reserved 1067008K
  class space    used 2892K, capacity 3086K, committed 3200K, reserved 1048576K
GC Heap History (5 events):
Event: 2,621 GC heap before
{Heap before GC invocations=1 (full 0):
 PSYoungGen      total 74752K, used 64512K [0x00000000e0000000, 0x00000000e5300000, 0x0000000100000000)
  eden space 64512K, 100% used [0x00000000e0000000,0x00000000e3f00000,0x00000000e3f00000)
  from space 10240K, 0% used [0x00000000e4900000,0x00000000e4900000,0x00000000e5300000)
  to   space 10240K, 0% used [0x00000000e3f00000,0x00000000e3f00000,0x00000000e4900000)
 ParOldGen       total 171008K, used 0K [0x00000000a0000000, 0x00000000aa700000, 0x00000000e0000000)
  object space 171008K, 0% used [0x00000000a0000000,0x00000000a0000000,0x00000000aa700000)
 Metaspace       used 9038K, capacity 9244K, committed 9600K, reserved 1056768K
  class space    used 1198K, capacity 1292K, committed 1408K, reserved 1048576K
Event: 2,728 GC heap after
Heap after GC invocations=1 (full 0):
 PSYoungGen      total 74752K, used 7067K [0x00000000e0000000, 0x00000000e9200000, 0x0000000100000000)
  eden space 64512K, 0% used [0x00000000e0000000,0x00000000e0000000,0x00000000e3f00000)
  from space 10240K, 69% used [0x00000000e3f00000,0x00000000e45e6d78,0x00000000e4900000)
  to   space 10240K, 0% used [0x00000000e8800000,0x00000000e8800000,0x00000000e9200000)
 ParOldGen       total 171008K, used 8K [0x00000000a0000000, 0x00000000aa700000, 0x00000000e0000000)
  object space 171008K, 0% used [0x00000000a0000000,0x00000000a0002000,0x00000000aa700000)
 Metaspace       used 9038K, capacity 9244K, committed 9600K, reserved 1056768K
  class space    used 1198K, capacity 1292K, committed 1408K, reserved 1048576K
}
Event: 23,170 GC heap before
{Heap before GC invocations=2 (full 0):
 PSYoungGen      total 74752K, used 71579K [0x00000000e0000000, 0x00000000e9200000, 0x0000000100000000)
  eden space 64512K, 100% used [0x00000000e0000000,0x00000000e3f00000,0x00000000e3f00000)
  from space 10240K, 69% used [0x00000000e3f00000,0x00000000e45e6d78,0x00000000e4900000)
  to   space 10240K, 0% used [0x00000000e8800000,0x00000000e8800000,0x00000000e9200000)
 ParOldGen       total 171008K, used 8K [0x00000000a0000000, 0x00000000aa700000, 0x00000000e0000000)
  object space 171008K, 0% used [0x00000000a0000000,0x00000000a0002000,0x00000000aa700000)
 Metaspace       used 15548K, capacity 15918K, committed 16256K, reserved 1062912K
  class space    used 2231K, capacity 2391K, committed 2432K, reserved 1048576K
Event: 23,217 GC heap after
Heap after GC invocations=2 (full 0):
 PSYoungGen      total 139264K, used 10218K [0x00000000e0000000, 0x00000000e9200000, 0x0000000100000000)
  eden space 129024K, 0% used [0x00000000e0000000,0x00000000e0000000,0x00000000e7e00000)
  from space 10240K, 99% used [0x00000000e8800000,0x00000000e91faa58,0x00000000e9200000)
  to   space 10240K, 0% used [0x00000000e7e00000,0x00000000e7e00000,0x00000000e8800000)
 ParOldGen       total 171008K, used 116K [0x00000000a0000000, 0x00000000aa700000, 0x00000000e0000000)
  object space 171008K, 0% used [0x00000000a0000000,0x00000000a001d270,0x00000000aa700000)
 Metaspace       used 15548K, capacity 15918K, committed 16256K, reserved 1062912K
  class space    used 2231K, capacity 2391K, committed 2432K, reserved 1048576K
}
Event: 149,260 GC heap before
{Heap before GC invocations=3 (full 0):
 PSYoungGen      total 139264K, used 58873K [0x00000000e0000000, 0x00000000e9200000, 0x0000000100000000)
  eden space 129024K, 37% used [0x00000000e0000000,0x00000000e2f83af8,0x00000000e7e00000)
  from space 10240K, 99% used [0x00000000e8800000,0x00000000e91faa58,0x00000000e9200000)
  to   space 10240K, 0% used [0x00000000e7e00000,0x00000000e7e00000,0x00000000e8800000)
 ParOldGen       total 171008K, used 116K [0x00000000a0000000, 0x00000000aa700000, 0x00000000e0000000)
  object space 171008K, 0% used [0x00000000a0000000,0x00000000a001d270,0x00000000aa700000)
 Metaspace       used 20584K, capacity 21052K, committed 21296K, reserved 1067008K
  class space    used 2892K, capacity 3086K, committed 3200K, reserved 1048576K

